2015-11-16 17:14:37 Error: [MissingControllerException] Controller class Athens2015Controller could not be found.
Exception Attributes: array (
  'class' => 'Athens2015Controller',
  'plugin' => NULL,
)
Request URL: /athens2015/index.php/athens2015/
Stack Trace:
#0 /Applications/MAMP/htdocs/athens2015/app/webroot/index.php(111): Dispatcher->dispatch(Object(CakeRequest), Object(CakeResponse))
#1 /Applications/MAMP/htdocs/athens2015/index.php(41): require('/Applications/M...')
#2 {main}
2015-11-16 17:17:49 Error: [MissingControllerException] Controller class Athens2015Controller could not be found.
Exception Attributes: array (
  'class' => 'Athens2015Controller',
  'plugin' => NULL,
)
Request URL: /athens2015/index.php/athens2015/
Stack Trace:
#0 /Applications/MAMP/htdocs/athens2015/app/webroot/index.php(111): Dispatcher->dispatch(Object(CakeRequest), Object(CakeResponse))
#1 /Applications/MAMP/htdocs/athens2015/index.php(41): require('/Applications/M...')
#2 {main}
2015-11-16 17:18:01 Error: [MissingControllerException] Controller class Athens2015Controller could not be found.
Exception Attributes: array (
  'class' => 'Athens2015Controller',
  'plugin' => NULL,
)
Request URL: /athens2015/index.php/athens2015/
Stack Trace:
#0 /Applications/MAMP/htdocs/athens2015/app/webroot/index.php(111): Dispatcher->dispatch(Object(CakeRequest), Object(CakeResponse))
#1 /Applications/MAMP/htdocs/athens2015/index.php(41): require('/Applications/M...')
#2 {main}
2015-11-16 17:19:46 Error: [MissingControllerException] Controller class Athens2015Controller could not be found.
Exception Attributes: array (
  'class' => 'Athens2015Controller',
  'plugin' => NULL,
)
Request URL: /athens2015/index.php/athens2015/
Stack Trace:
#0 /Applications/MAMP/htdocs/athens2015/app/webroot/index.php(111): Dispatcher->dispatch(Object(CakeRequest), Object(CakeResponse))
#1 /Applications/MAMP/htdocs/athens2015/index.php(41): require('/Applications/M...')
#2 {main}
2015-11-16 17:19:48 Error: [MissingControllerException] Controller class Athens2015Controller could not be found.
Exception Attributes: array (
  'class' => 'Athens2015Controller',
  'plugin' => NULL,
)
Request URL: /athens2015/index.php/athens2015/
Stack Trace:
#0 /Applications/MAMP/htdocs/athens2015/app/webroot/index.php(111): Dispatcher->dispatch(Object(CakeRequest), Object(CakeResponse))
#1 /Applications/MAMP/htdocs/athens2015/index.php(41): require('/Applications/M...')
#2 {main}
2015-11-16 17:20:21 Error: [MissingActionException] Action Athens2015Controller::index() could not be found.
Exception Attributes: array (
  'controller' => 'Athens2015Controller',
  'action' => 'index',
)
Request URL: /athens2015/index.php/athens2015/
Stack Trace:
#0 /Applications/MAMP/htdocs/athens2015/lib/Cake/Routing/Dispatcher.php(193): Controller->invokeAction(Object(CakeRequest))
#1 /Applications/MAMP/htdocs/athens2015/lib/Cake/Routing/Dispatcher.php(167): Dispatcher->_invoke(Object(Athens2015Controller), Object(CakeRequest))
#2 /Applications/MAMP/htdocs/athens2015/app/webroot/index.php(111): Dispatcher->dispatch(Object(CakeRequest), Object(CakeResponse))
#3 /Applications/MAMP/htdocs/athens2015/index.php(41): require('/Applications/M...')
#4 {main}
2015-11-16 17:21:09 Error: [MissingViewException] View file "Athens2015/index.ctp" is missing.
Exception Attributes: array (
  'file' => 'Athens2015/index.ctp',
)
Request URL: /athens2015/index.php/athens2015/
Stack Trace:
#0 /Applications/MAMP/htdocs/athens2015/lib/Cake/View/View.php(470): View->_getViewFileName(NULL)
#1 /Applications/MAMP/htdocs/athens2015/lib/Cake/Controller/Controller.php(960): View->render(NULL, NULL)
#2 /Applications/MAMP/htdocs/athens2015/lib/Cake/Routing/Dispatcher.php(200): Controller->render()
#3 /Applications/MAMP/htdocs/athens2015/lib/Cake/Routing/Dispatcher.php(167): Dispatcher->_invoke(Object(Athens2015Controller), Object(CakeRequest))
#4 /Applications/MAMP/htdocs/athens2015/app/webroot/index.php(111): Dispatcher->dispatch(Object(CakeRequest), Object(CakeResponse))
#5 /Applications/MAMP/htdocs/athens2015/index.php(41): require('/Applications/M...')
#6 {main}
2015-11-16 17:22:58 Error: [MissingViewException] View file "Athens2015/index.ctp" is missing.
Exception Attributes: array (
  'file' => 'Athens2015/index.ctp',
)
Request URL: /athens2015/index.php/athens2015/
Stack Trace:
#0 /Applications/MAMP/htdocs/athens2015/lib/Cake/View/View.php(470): View->_getViewFileName(NULL)
#1 /Applications/MAMP/htdocs/athens2015/lib/Cake/Controller/Controller.php(960): View->render(NULL, NULL)
#2 /Applications/MAMP/htdocs/athens2015/lib/Cake/Routing/Dispatcher.php(200): Controller->render()
#3 /Applications/MAMP/htdocs/athens2015/lib/Cake/Routing/Dispatcher.php(167): Dispatcher->_invoke(Object(Athens2015Controller), Object(CakeRequest))
#4 /Applications/MAMP/htdocs/athens2015/app/webroot/index.php(111): Dispatcher->dispatch(Object(CakeRequest), Object(CakeResponse))
#5 /Applications/MAMP/htdocs/athens2015/index.php(41): require('/Applications/M...')
#6 {main}
2015-11-16 17:23:00 Error: [MissingViewException] View file "Athens2015/index.ctp" is missing.
Exception Attributes: array (
  'file' => 'Athens2015/index.ctp',
)
Request URL: /athens2015/index.php/athens2015/
Stack Trace:
#0 /Applications/MAMP/htdocs/athens2015/lib/Cake/View/View.php(470): View->_getViewFileName(NULL)
#1 /Applications/MAMP/htdocs/athens2015/lib/Cake/Controller/Controller.php(960): View->render(NULL, NULL)
#2 /Applications/MAMP/htdocs/athens2015/lib/Cake/Routing/Dispatcher.php(200): Controller->render()
#3 /Applications/MAMP/htdocs/athens2015/lib/Cake/Routing/Dispatcher.php(167): Dispatcher->_invoke(Object(Athens2015Controller), Object(CakeRequest))
#4 /Applications/MAMP/htdocs/athens2015/app/webroot/index.php(111): Dispatcher->dispatch(Object(CakeRequest), Object(CakeResponse))
#5 /Applications/MAMP/htdocs/athens2015/index.php(41): require('/Applications/M...')
#6 {main}
2015-11-16 18:59:28 Error: Fatal Error (1): Call to a member function find() on null in [/Applications/MAMP/htdocs/athens2015/app/Controller/Athens2015Controller.php, line 36]
2015-11-16 18:59:28 Error: [FatalErrorException] Call to a member function find() on null
Request URL: /athens2015/index.php/athens2015/
Stack Trace:
#0 /Applications/MAMP/htdocs/athens2015/lib/Cake/Error/ErrorHandler.php(213): ErrorHandler::handleFatalError(1, 'Call to a membe...', '/Applications/M...', 36)
#1 [internal function]: ErrorHandler::handleError(1, 'Call to a membe...', '/Applications/M...', 36, Array)
#2 /Applications/MAMP/htdocs/athens2015/lib/Cake/Core/App.php(933): call_user_func('ErrorHandler::h...', 1, 'Call to a membe...', '/Applications/M...', 36, Array)
#3 /Applications/MAMP/htdocs/athens2015/lib/Cake/Core/App.php(906): App::_checkFatalError()
#4 [internal function]: App::shutdown()
#5 {main}
2015-11-16 18:59:54 Error: Fatal Error (4): syntax error, unexpected '$uses' (T_VARIABLE), expecting function (T_FUNCTION) in [/Applications/MAMP/htdocs/athens2015/app/Controller/Athens2015Controller.php, line 34]
2015-11-16 18:59:54 Error: [FatalErrorException] syntax error, unexpected '$uses' (T_VARIABLE), expecting function (T_FUNCTION)
Request URL: /athens2015/index.php/athens2015/
Stack Trace:
#0 /Applications/MAMP/htdocs/athens2015/lib/Cake/Error/ErrorHandler.php(213): ErrorHandler::handleFatalError(4, 'syntax error, u...', '/Applications/M...', 34)
#1 [internal function]: ErrorHandler::handleError(4, 'syntax error, u...', '/Applications/M...', 34, Array)
#2 /Applications/MAMP/htdocs/athens2015/lib/Cake/Core/App.php(933): call_user_func('ErrorHandler::h...', 4, 'syntax error, u...', '/Applications/M...', 34, Array)
#3 /Applications/MAMP/htdocs/athens2015/lib/Cake/Core/App.php(906): App::_checkFatalError()
#4 [internal function]: App::shutdown()
#5 {main}
2015-11-16 19:01:01 Error: [MissingConnectionException] Database connection "Mysql" is missing, or could not be created.
Exception Attributes: array (
  'class' => 'Mysql',
  'message' => 'SQLSTATE[HY000] [1049] Unknown database \'athens2015\'',
  'enabled' => true,
)
Request URL: /athens2015/index.php/athens2015/
Stack Trace:
#0 /Applications/MAMP/htdocs/athens2015/lib/Cake/Model/Datasource/DboSource.php(260): Mysql->connect()
#1 /Applications/MAMP/htdocs/athens2015/lib/Cake/Model/ConnectionManager.php(105): DboSource->__construct(Array)
#2 /Applications/MAMP/htdocs/athens2015/lib/Cake/Model/Model.php(3626): ConnectionManager::getDataSource('default')
#3 /Applications/MAMP/htdocs/athens2015/lib/Cake/Model/Model.php(1155): Model->setDataSource('default')
#4 /Applications/MAMP/htdocs/athens2015/lib/Cake/Model/Model.php(3653): Model->setSource('modules')
#5 /Applications/MAMP/htdocs/athens2015/lib/Cake/Model/Model.php(3031): Model->getDataSource()
#6 /Applications/MAMP/htdocs/athens2015/lib/Cake/Model/Model.php(3003): Model->_readDataSource('all', Array)
#7 /Applications/MAMP/htdocs/athens2015/app/Controller/Athens2015Controller.php(37): Model->find('all')
#8 [internal function]: Athens2015Controller->index()
#9 /Applications/MAMP/htdocs/athens2015/lib/Cake/Controller/Controller.php(490): ReflectionMethod->invokeArgs(Object(Athens2015Controller), Array)
#10 /Applications/MAMP/htdocs/athens2015/lib/Cake/Routing/Dispatcher.php(193): Controller->invokeAction(Object(CakeRequest))
#11 /Applications/MAMP/htdocs/athens2015/lib/Cake/Routing/Dispatcher.php(167): Dispatcher->_invoke(Object(Athens2015Controller), Object(CakeRequest))
#12 /Applications/MAMP/htdocs/athens2015/app/webroot/index.php(111): Dispatcher->dispatch(Object(CakeRequest), Object(CakeResponse))
#13 /Applications/MAMP/htdocs/athens2015/index.php(41): require('/Applications/M...')
#14 {main}
2015-11-16 19:01:16 Error: Fatal Error (1): Call to a member function find() on null in [/Applications/MAMP/htdocs/athens2015/app/Controller/Athens2015Controller.php, line 37]
2015-11-16 19:01:16 Error: [FatalErrorException] Call to a member function find() on null
Request URL: /athens2015/index.php/athens2015/
Stack Trace:
#0 /Applications/MAMP/htdocs/athens2015/lib/Cake/Error/ErrorHandler.php(213): ErrorHandler::handleFatalError(1, 'Call to a membe...', '/Applications/M...', 37)
#1 [internal function]: ErrorHandler::handleError(1, 'Call to a membe...', '/Applications/M...', 37, Array)
#2 /Applications/MAMP/htdocs/athens2015/lib/Cake/Core/App.php(933): call_user_func('ErrorHandler::h...', 1, 'Call to a membe...', '/Applications/M...', 37, Array)
#3 /Applications/MAMP/htdocs/athens2015/lib/Cake/Core/App.php(906): App::_checkFatalError()
#4 [internal function]: App::shutdown()
#5 {main}
2015-11-16 19:01:18 Error: Fatal Error (1): Call to a member function find() on null in [/Applications/MAMP/htdocs/athens2015/app/Controller/Athens2015Controller.php, line 37]
2015-11-16 19:01:18 Error: [FatalErrorException] Call to a member function find() on null
Request URL: /athens2015/index.php/athens2015/
Stack Trace:
#0 /Applications/MAMP/htdocs/athens2015/lib/Cake/Error/ErrorHandler.php(213): ErrorHandler::handleFatalError(1, 'Call to a membe...', '/Applications/M...', 37)
#1 [internal function]: ErrorHandler::handleError(1, 'Call to a membe...', '/Applications/M...', 37, Array)
#2 /Applications/MAMP/htdocs/athens2015/lib/Cake/Core/App.php(933): call_user_func('ErrorHandler::h...', 1, 'Call to a membe...', '/Applications/M...', 37, Array)
#3 /Applications/MAMP/htdocs/athens2015/lib/Cake/Core/App.php(906): App::_checkFatalError()
#4 [internal function]: App::shutdown()
#5 {main}
2015-11-16 19:01:34 Error: Fatal Error (1): Call to a member function find() on null in [/Applications/MAMP/htdocs/athens2015/app/Controller/Athens2015Controller.php, line 37]
2015-11-16 19:01:34 Error: [FatalErrorException] Call to a member function find() on null
Request URL: /athens2015/index.php/athens2015/
Stack Trace:
#0 /Applications/MAMP/htdocs/athens2015/lib/Cake/Error/ErrorHandler.php(213): ErrorHandler::handleFatalError(1, 'Call to a membe...', '/Applications/M...', 37)
#1 [internal function]: ErrorHandler::handleError(1, 'Call to a membe...', '/Applications/M...', 37, Array)
#2 /Applications/MAMP/htdocs/athens2015/lib/Cake/Core/App.php(933): call_user_func('ErrorHandler::h...', 1, 'Call to a membe...', '/Applications/M...', 37, Array)
#3 /Applications/MAMP/htdocs/athens2015/lib/Cake/Core/App.php(906): App::_checkFatalError()
#4 [internal function]: App::shutdown()
#5 {main}
2015-11-16 19:02:53 Error: Fatal Error (1): Call to a member function find() on null in [/Applications/MAMP/htdocs/athens2015/app/Controller/Athens2015Controller.php, line 37]
2015-11-16 19:02:53 Error: [FatalErrorException] Call to a member function find() on null
Request URL: /athens2015/index.php/athens2015/
Stack Trace:
#0 /Applications/MAMP/htdocs/athens2015/lib/Cake/Error/ErrorHandler.php(213): ErrorHandler::handleFatalError(1, 'Call to a membe...', '/Applications/M...', 37)
#1 [internal function]: ErrorHandler::handleError(1, 'Call to a membe...', '/Applications/M...', 37, Array)
#2 /Applications/MAMP/htdocs/athens2015/lib/Cake/Core/App.php(933): call_user_func('ErrorHandler::h...', 1, 'Call to a membe...', '/Applications/M...', 37, Array)
#3 /Applications/MAMP/htdocs/athens2015/lib/Cake/Core/App.php(906): App::_checkFatalError()
#4 [internal function]: App::shutdown()
#5 {main}
2015-11-16 19:04:37 Error: Fatal Error (1): Call to a member function find() on null in [/Applications/MAMP/htdocs/athens2015/app/Controller/Athens2015Controller.php, line 37]
2015-11-16 19:04:37 Error: [FatalErrorException] Call to a member function find() on null
Request URL: /athens2015/index.php/athens2015/
Stack Trace:
#0 /Applications/MAMP/htdocs/athens2015/lib/Cake/Error/ErrorHandler.php(213): ErrorHandler::handleFatalError(1, 'Call to a membe...', '/Applications/M...', 37)
#1 [internal function]: ErrorHandler::handleError(1, 'Call to a membe...', '/Applications/M...', 37, Array)
#2 /Applications/MAMP/htdocs/athens2015/lib/Cake/Core/App.php(933): call_user_func('ErrorHandler::h...', 1, 'Call to a membe...', '/Applications/M...', 37, Array)
#3 /Applications/MAMP/htdocs/athens2015/lib/Cake/Core/App.php(906): App::_checkFatalError()
#4 [internal function]: App::shutdown()
#5 {main}
2015-11-16 19:05:01 Error: [MissingConnectionException] Database connection "Mysql" is missing, or could not be created.
Exception Attributes: array (
  'class' => 'Mysql',
  'message' => 'SQLSTATE[HY000] [1049] Unknown database \'athens2015\'',
  'enabled' => true,
)
Request URL: /athens2015/index.php/athens2015/
Stack Trace:
#0 /Applications/MAMP/htdocs/athens2015/lib/Cake/Model/Datasource/DboSource.php(260): Mysql->connect()
#1 /Applications/MAMP/htdocs/athens2015/lib/Cake/Model/ConnectionManager.php(105): DboSource->__construct(Array)
#2 /Applications/MAMP/htdocs/athens2015/lib/Cake/Model/Model.php(3626): ConnectionManager::getDataSource('default')
#3 /Applications/MAMP/htdocs/athens2015/lib/Cake/Model/Model.php(1155): Model->setDataSource('default')
#4 /Applications/MAMP/htdocs/athens2015/lib/Cake/Model/Model.php(3653): Model->setSource('vis_module_node')
#5 /Applications/MAMP/htdocs/athens2015/lib/Cake/Model/Model.php(3031): Model->getDataSource()
#6 /Applications/MAMP/htdocs/athens2015/lib/Cake/Model/Model.php(3003): Model->_readDataSource('all', Array)
#7 /Applications/MAMP/htdocs/athens2015/app/Controller/Athens2015Controller.php(37): Model->find('all')
#8 [internal function]: Athens2015Controller->index()
#9 /Applications/MAMP/htdocs/athens2015/lib/Cake/Controller/Controller.php(490): ReflectionMethod->invokeArgs(Object(Athens2015Controller), Array)
#10 /Applications/MAMP/htdocs/athens2015/lib/Cake/Routing/Dispatcher.php(193): Controller->invokeAction(Object(CakeRequest))
#11 /Applications/MAMP/htdocs/athens2015/lib/Cake/Routing/Dispatcher.php(167): Dispatcher->_invoke(Object(Athens2015Controller), Object(CakeRequest))
#12 /Applications/MAMP/htdocs/athens2015/app/webroot/index.php(111): Dispatcher->dispatch(Object(CakeRequest), Object(CakeResponse))
#13 /Applications/MAMP/htdocs/athens2015/index.php(41): require('/Applications/M...')
#14 {main}
2015-11-16 19:11:45 Error: [MissingControllerException] Controller class Athens2015Controller could not be found.
Exception Attributes: array (
  'class' => 'Athens2015Controller',
  'plugin' => NULL,
)
Request URL: /athens2015/index.php/athens2015/
Stack Trace:
#0 /Applications/MAMP/htdocs/athens2015/app/webroot/index.php(111): Dispatcher->dispatch(Object(CakeRequest), Object(CakeResponse))
#1 /Applications/MAMP/htdocs/athens2015/index.php(41): require('/Applications/M...')
#2 {main}
2015-11-16 19:14:30 Error: [MissingConnectionException] Database connection "Mysql" is missing, or could not be created.
Exception Attributes: array (
  'class' => 'Mysql',
  'message' => 'SQLSTATE[HY000] [1049] Unknown database \'athens2015\'',
  'enabled' => true,
)
Request URL: /athens2015/index.php/node
Stack Trace:
#0 /Applications/MAMP/htdocs/athens2015/lib/Cake/Model/Datasource/DboSource.php(260): Mysql->connect()
#1 /Applications/MAMP/htdocs/athens2015/lib/Cake/Model/ConnectionManager.php(105): DboSource->__construct(Array)
#2 /Applications/MAMP/htdocs/athens2015/lib/Cake/Model/Model.php(3626): ConnectionManager::getDataSource('default')
#3 /Applications/MAMP/htdocs/athens2015/lib/Cake/Model/Model.php(1155): Model->setDataSource('default')
#4 /Applications/MAMP/htdocs/athens2015/lib/Cake/Model/Model.php(3653): Model->setSource('vis_module_node')
#5 /Applications/MAMP/htdocs/athens2015/lib/Cake/Model/Model.php(3031): Model->getDataSource()
#6 /Applications/MAMP/htdocs/athens2015/lib/Cake/Model/Model.php(3003): Model->_readDataSource('all', Array)
#7 /Applications/MAMP/htdocs/athens2015/app/Controller/NodeController.php(37): Model->find('all')
#8 [internal function]: NodeController->index()
#9 /Applications/MAMP/htdocs/athens2015/lib/Cake/Controller/Controller.php(490): ReflectionMethod->invokeArgs(Object(NodeController), Array)
#10 /Applications/MAMP/htdocs/athens2015/lib/Cake/Routing/Dispatcher.php(193): Controller->invokeAction(Object(CakeRequest))
#11 /Applications/MAMP/htdocs/athens2015/lib/Cake/Routing/Dispatcher.php(167): Dispatcher->_invoke(Object(NodeController), Object(CakeRequest))
#12 /Applications/MAMP/htdocs/athens2015/app/webroot/index.php(111): Dispatcher->dispatch(Object(CakeRequest), Object(CakeResponse))
#13 /Applications/MAMP/htdocs/athens2015/index.php(41): require('/Applications/M...')
#14 {main}
2015-11-16 19:14:34 Error: [MissingConnectionException] Database connection "Mysql" is missing, or could not be created.
Exception Attributes: array (
  'class' => 'Mysql',
  'message' => 'SQLSTATE[HY000] [1049] Unknown database \'athens2015\'',
  'enabled' => true,
)
Request URL: /athens2015/index.php/node
Stack Trace:
#0 /Applications/MAMP/htdocs/athens2015/lib/Cake/Model/Datasource/DboSource.php(260): Mysql->connect()
#1 /Applications/MAMP/htdocs/athens2015/lib/Cake/Model/ConnectionManager.php(105): DboSource->__construct(Array)
#2 /Applications/MAMP/htdocs/athens2015/lib/Cake/Model/Model.php(3626): ConnectionManager::getDataSource('default')
#3 /Applications/MAMP/htdocs/athens2015/lib/Cake/Model/Model.php(1155): Model->setDataSource('default')
#4 /Applications/MAMP/htdocs/athens2015/lib/Cake/Model/Model.php(3653): Model->setSource('vis_module_node')
#5 /Applications/MAMP/htdocs/athens2015/lib/Cake/Model/Model.php(3031): Model->getDataSource()
#6 /Applications/MAMP/htdocs/athens2015/lib/Cake/Model/Model.php(3003): Model->_readDataSource('all', Array)
#7 /Applications/MAMP/htdocs/athens2015/app/Controller/NodeController.php(37): Model->find('all')
#8 [internal function]: NodeController->index()
#9 /Applications/MAMP/htdocs/athens2015/lib/Cake/Controller/Controller.php(490): ReflectionMethod->invokeArgs(Object(NodeController), Array)
#10 /Applications/MAMP/htdocs/athens2015/lib/Cake/Routing/Dispatcher.php(193): Controller->invokeAction(Object(CakeRequest))
#11 /Applications/MAMP/htdocs/athens2015/lib/Cake/Routing/Dispatcher.php(167): Dispatcher->_invoke(Object(NodeController), Object(CakeRequest))
#12 /Applications/MAMP/htdocs/athens2015/app/webroot/index.php(111): Dispatcher->dispatch(Object(CakeRequest), Object(CakeResponse))
#13 /Applications/MAMP/htdocs/athens2015/index.php(41): require('/Applications/M...')
#14 {main}
2015-11-16 19:15:36 Error: [MissingConnectionException] Database connection "Mysql" is missing, or could not be created.
Exception Attributes: array (
  'class' => 'Mysql',
  'message' => 'SQLSTATE[HY000] [1049] Unknown database \'athens2015\'',
  'enabled' => true,
)
Request URL: /athens2015/index.php/node
Stack Trace:
#0 /Applications/MAMP/htdocs/athens2015/lib/Cake/Model/Datasource/DboSource.php(260): Mysql->connect()
#1 /Applications/MAMP/htdocs/athens2015/lib/Cake/Model/ConnectionManager.php(105): DboSource->__construct(Array)
#2 /Applications/MAMP/htdocs/athens2015/lib/Cake/Model/Model.php(3626): ConnectionManager::getDataSource('default')
#3 /Applications/MAMP/htdocs/athens2015/lib/Cake/Model/Model.php(1155): Model->setDataSource('default')
#4 /Applications/MAMP/htdocs/athens2015/lib/Cake/Model/Model.php(3653): Model->setSource('vis_module_node')
#5 /Applications/MAMP/htdocs/athens2015/lib/Cake/Model/Model.php(3031): Model->getDataSource()
#6 /Applications/MAMP/htdocs/athens2015/lib/Cake/Model/Model.php(3003): Model->_readDataSource('all', Array)
#7 /Applications/MAMP/htdocs/athens2015/app/Controller/NodeController.php(37): Model->find('all')
#8 [internal function]: NodeController->index()
#9 /Applications/MAMP/htdocs/athens2015/lib/Cake/Controller/Controller.php(490): ReflectionMethod->invokeArgs(Object(NodeController), Array)
#10 /Applications/MAMP/htdocs/athens2015/lib/Cake/Routing/Dispatcher.php(193): Controller->invokeAction(Object(CakeRequest))
#11 /Applications/MAMP/htdocs/athens2015/lib/Cake/Routing/Dispatcher.php(167): Dispatcher->_invoke(Object(NodeController), Object(CakeRequest))
#12 /Applications/MAMP/htdocs/athens2015/app/webroot/index.php(111): Dispatcher->dispatch(Object(CakeRequest), Object(CakeResponse))
#13 /Applications/MAMP/htdocs/athens2015/index.php(41): require('/Applications/M...')
#14 {main}
2015-11-16 19:15:54 Error: [MissingConnectionException] Database connection "Mysql" is missing, or could not be created.
Exception Attributes: array (
  'class' => 'Mysql',
  'message' => 'SQLSTATE[HY000] [1049] Unknown database \'athens2015\'',
  'enabled' => true,
)
Request URL: /athens2015/index.php/node
Stack Trace:
#0 /Applications/MAMP/htdocs/athens2015/lib/Cake/Model/Datasource/DboSource.php(260): Mysql->connect()
#1 /Applications/MAMP/htdocs/athens2015/lib/Cake/Model/ConnectionManager.php(105): DboSource->__construct(Array)
#2 /Applications/MAMP/htdocs/athens2015/lib/Cake/Model/Model.php(3626): ConnectionManager::getDataSource('default')
#3 /Applications/MAMP/htdocs/athens2015/lib/Cake/Model/Model.php(1155): Model->setDataSource('default')
#4 /Applications/MAMP/htdocs/athens2015/lib/Cake/Model/Model.php(3653): Model->setSource('vis_module_node')
#5 /Applications/MAMP/htdocs/athens2015/lib/Cake/Model/Model.php(3031): Model->getDataSource()
#6 /Applications/MAMP/htdocs/athens2015/lib/Cake/Model/Model.php(3003): Model->_readDataSource('all', Array)
#7 /Applications/MAMP/htdocs/athens2015/app/Controller/NodeController.php(36): Model->find('all')
#8 [internal function]: NodeController->index()
#9 /Applications/MAMP/htdocs/athens2015/lib/Cake/Controller/Controller.php(490): ReflectionMethod->invokeArgs(Object(NodeController), Array)
#10 /Applications/MAMP/htdocs/athens2015/lib/Cake/Routing/Dispatcher.php(193): Controller->invokeAction(Object(CakeRequest))
#11 /Applications/MAMP/htdocs/athens2015/lib/Cake/Routing/Dispatcher.php(167): Dispatcher->_invoke(Object(NodeController), Object(CakeRequest))
#12 /Applications/MAMP/htdocs/athens2015/app/webroot/index.php(111): Dispatcher->dispatch(Object(CakeRequest), Object(CakeResponse))
#13 /Applications/MAMP/htdocs/athens2015/index.php(41): require('/Applications/M...')
#14 {main}
2015-11-16 19:16:38 Error: [MissingConnectionException] Database connection "Mysql" is missing, or could not be created.
Exception Attributes: array (
  'class' => 'Mysql',
  'message' => 'SQLSTATE[HY000] [1049] Unknown database \'athens2015\'',
  'enabled' => true,
)
Request URL: /athens2015/index.php/node
Stack Trace:
#0 /Applications/MAMP/htdocs/athens2015/lib/Cake/Model/Datasource/DboSource.php(260): Mysql->connect()
#1 /Applications/MAMP/htdocs/athens2015/lib/Cake/Model/ConnectionManager.php(105): DboSource->__construct(Array)
#2 /Applications/MAMP/htdocs/athens2015/lib/Cake/Model/Model.php(3626): ConnectionManager::getDataSource('default')
#3 /Applications/MAMP/htdocs/athens2015/lib/Cake/Model/Model.php(1155): Model->setDataSource('default')
#4 /Applications/MAMP/htdocs/athens2015/lib/Cake/Model/Model.php(3653): Model->setSource('vis_module_node')
#5 /Applications/MAMP/htdocs/athens2015/lib/Cake/Model/Model.php(3031): Model->getDataSource()
#6 /Applications/MAMP/htdocs/athens2015/lib/Cake/Model/Model.php(3003): Model->_readDataSource('all', Array)
#7 /Applications/MAMP/htdocs/athens2015/app/Controller/NodeController.php(36): Model->find('all')
#8 [internal function]: NodeController->index()
#9 /Applications/MAMP/htdocs/athens2015/lib/Cake/Controller/Controller.php(490): ReflectionMethod->invokeArgs(Object(NodeController), Array)
#10 /Applications/MAMP/htdocs/athens2015/lib/Cake/Routing/Dispatcher.php(193): Controller->invokeAction(Object(CakeRequest))
#11 /Applications/MAMP/htdocs/athens2015/lib/Cake/Routing/Dispatcher.php(167): Dispatcher->_invoke(Object(NodeController), Object(CakeRequest))
#12 /Applications/MAMP/htdocs/athens2015/app/webroot/index.php(111): Dispatcher->dispatch(Object(CakeRequest), Object(CakeResponse))
#13 /Applications/MAMP/htdocs/athens2015/index.php(41): require('/Applications/M...')
#14 {main}
2015-11-16 19:18:01 Error: [MissingConnectionException] Database connection "Mysql" is missing, or could not be created.
Exception Attributes: array (
  'class' => 'Mysql',
  'message' => 'SQLSTATE[HY000] [1049] Unknown database \'athens2015\'',
  'enabled' => true,
)
Request URL: /athens2015/index.php/node
Stack Trace:
#0 /Applications/MAMP/htdocs/athens2015/lib/Cake/Model/Datasource/DboSource.php(260): Mysql->connect()
#1 /Applications/MAMP/htdocs/athens2015/lib/Cake/Model/ConnectionManager.php(105): DboSource->__construct(Array)
#2 /Applications/MAMP/htdocs/athens2015/lib/Cake/Model/Model.php(3626): ConnectionManager::getDataSource('default')
#3 /Applications/MAMP/htdocs/athens2015/lib/Cake/Model/Model.php(1155): Model->setDataSource('default')
#4 /Applications/MAMP/htdocs/athens2015/lib/Cake/Model/Model.php(3653): Model->setSource('VIS_MODULE_NODE')
#5 /Applications/MAMP/htdocs/athens2015/lib/Cake/Model/Model.php(3031): Model->getDataSource()
#6 /Applications/MAMP/htdocs/athens2015/lib/Cake/Model/Model.php(3003): Model->_readDataSource('all', Array)
#7 /Applications/MAMP/htdocs/athens2015/app/Controller/NodeController.php(36): Model->find('all')
#8 [internal function]: NodeController->index()
#9 /Applications/MAMP/htdocs/athens2015/lib/Cake/Controller/Controller.php(490): ReflectionMethod->invokeArgs(Object(NodeController), Array)
#10 /Applications/MAMP/htdocs/athens2015/lib/Cake/Routing/Dispatcher.php(193): Controller->invokeAction(Object(CakeRequest))
#11 /Applications/MAMP/htdocs/athens2015/lib/Cake/Routing/Dispatcher.php(167): Dispatcher->_invoke(Object(NodeController), Object(CakeRequest))
#12 /Applications/MAMP/htdocs/athens2015/app/webroot/index.php(111): Dispatcher->dispatch(Object(CakeRequest), Object(CakeResponse))
#13 /Applications/MAMP/htdocs/athens2015/index.php(41): require('/Applications/M...')
#14 {main}
2015-11-16 19:18:02 Error: [MissingConnectionException] Database connection "Mysql" is missing, or could not be created.
Exception Attributes: array (
  'class' => 'Mysql',
  'message' => 'SQLSTATE[HY000] [1049] Unknown database \'athens2015\'',
  'enabled' => true,
)
Request URL: /athens2015/index.php/node
Stack Trace:
#0 /Applications/MAMP/htdocs/athens2015/lib/Cake/Model/Datasource/DboSource.php(260): Mysql->connect()
#1 /Applications/MAMP/htdocs/athens2015/lib/Cake/Model/ConnectionManager.php(105): DboSource->__construct(Array)
#2 /Applications/MAMP/htdocs/athens2015/lib/Cake/Model/Model.php(3626): ConnectionManager::getDataSource('default')
#3 /Applications/MAMP/htdocs/athens2015/lib/Cake/Model/Model.php(1155): Model->setDataSource('default')
#4 /Applications/MAMP/htdocs/athens2015/lib/Cake/Model/Model.php(3653): Model->setSource('VIS_MODULE_NODE')
#5 /Applications/MAMP/htdocs/athens2015/lib/Cake/Model/Model.php(3031): Model->getDataSource()
#6 /Applications/MAMP/htdocs/athens2015/lib/Cake/Model/Model.php(3003): Model->_readDataSource('all', Array)
#7 /Applications/MAMP/htdocs/athens2015/app/Controller/NodeController.php(36): Model->find('all')
#8 [internal function]: NodeController->index()
#9 /Applications/MAMP/htdocs/athens2015/lib/Cake/Controller/Controller.php(490): ReflectionMethod->invokeArgs(Object(NodeController), Array)
#10 /Applications/MAMP/htdocs/athens2015/lib/Cake/Routing/Dispatcher.php(193): Controller->invokeAction(Object(CakeRequest))
#11 /Applications/MAMP/htdocs/athens2015/lib/Cake/Routing/Dispatcher.php(167): Dispatcher->_invoke(Object(NodeController), Object(CakeRequest))
#12 /Applications/MAMP/htdocs/athens2015/app/webroot/index.php(111): Dispatcher->dispatch(Object(CakeRequest), Object(CakeResponse))
#13 /Applications/MAMP/htdocs/athens2015/index.php(41): require('/Applications/M...')
#14 {main}
2015-11-16 19:18:44 Error: [MissingViewException] View file "Node/index.ctp" is missing.
Exception Attributes: array (
  'file' => 'Node/index.ctp',
)
Request URL: /athens2015/index.php/node
Stack Trace:
#0 /Applications/MAMP/htdocs/athens2015/lib/Cake/View/View.php(470): View->_getViewFileName(NULL)
#1 /Applications/MAMP/htdocs/athens2015/lib/Cake/Controller/Controller.php(960): View->render(NULL, NULL)
#2 /Applications/MAMP/htdocs/athens2015/lib/Cake/Routing/Dispatcher.php(200): Controller->render()
#3 /Applications/MAMP/htdocs/athens2015/lib/Cake/Routing/Dispatcher.php(167): Dispatcher->_invoke(Object(NodeController), Object(CakeRequest))
#4 /Applications/MAMP/htdocs/athens2015/app/webroot/index.php(111): Dispatcher->dispatch(Object(CakeRequest), Object(CakeResponse))
#5 /Applications/MAMP/htdocs/athens2015/index.php(41): require('/Applications/M...')
#6 {main}
2015-11-16 19:19:04 Error: [MissingTableException] Table nodes for model Node was not found in datasource default.
Exception Attributes: array (
  'table' => 'nodes',
  'class' => 'Node',
  'ds' => 'default',
)
Request URL: /athens2015/index.php/node
Stack Trace:
#0 /Applications/MAMP/htdocs/athens2015/lib/Cake/Model/Model.php(3653): Model->setSource('nodes')
#1 /Applications/MAMP/htdocs/athens2015/lib/Cake/Model/Model.php(3031): Model->getDataSource()
#2 /Applications/MAMP/htdocs/athens2015/lib/Cake/Model/Model.php(3003): Model->_readDataSource('all', Array)
#3 /Applications/MAMP/htdocs/athens2015/app/Controller/NodeController.php(36): Model->find('all')
#4 [internal function]: NodeController->index()
#5 /Applications/MAMP/htdocs/athens2015/lib/Cake/Controller/Controller.php(490): ReflectionMethod->invokeArgs(Object(NodeController), Array)
#6 /Applications/MAMP/htdocs/athens2015/lib/Cake/Routing/Dispatcher.php(193): Controller->invokeAction(Object(CakeRequest))
#7 /Applications/MAMP/htdocs/athens2015/lib/Cake/Routing/Dispatcher.php(167): Dispatcher->_invoke(Object(NodeController), Object(CakeRequest))
#8 /Applications/MAMP/htdocs/athens2015/app/webroot/index.php(111): Dispatcher->dispatch(Object(CakeRequest), Object(CakeResponse))
#9 /Applications/MAMP/htdocs/athens2015/index.php(41): require('/Applications/M...')
#10 {main}
2015-11-16 19:19:09 Error: [MissingViewException] View file "Node/index.ctp" is missing.
Exception Attributes: array (
  'file' => 'Node/index.ctp',
)
Request URL: /athens2015/index.php/node
Stack Trace:
#0 /Applications/MAMP/htdocs/athens2015/lib/Cake/View/View.php(470): View->_getViewFileName(NULL)
#1 /Applications/MAMP/htdocs/athens2015/lib/Cake/Controller/Controller.php(960): View->render(NULL, NULL)
#2 /Applications/MAMP/htdocs/athens2015/lib/Cake/Routing/Dispatcher.php(200): Controller->render()
#3 /Applications/MAMP/htdocs/athens2015/lib/Cake/Routing/Dispatcher.php(167): Dispatcher->_invoke(Object(NodeController), Object(CakeRequest))
#4 /Applications/MAMP/htdocs/athens2015/app/webroot/index.php(111): Dispatcher->dispatch(Object(CakeRequest), Object(CakeResponse))
#5 /Applications/MAMP/htdocs/athens2015/index.php(41): require('/Applications/M...')
#6 {main}
2015-11-16 19:25:39 Error: Fatal Error (1): Call to undefined function printr_r() in [/Applications/MAMP/htdocs/athens2015/app/View/Node/index.ctp, line 3]
2015-11-16 19:25:39 Error: [FatalErrorException] Call to undefined function printr_r()
Request URL: /athens2015/index.php/node
Stack Trace:
#0 /Applications/MAMP/htdocs/athens2015/lib/Cake/Error/ErrorHandler.php(213): ErrorHandler::handleFatalError(1, 'Call to undefin...', '/Applications/M...', 3)
#1 [internal function]: ErrorHandler::handleError(1, 'Call to undefin...', '/Applications/M...', 3, Array)
#2 /Applications/MAMP/htdocs/athens2015/lib/Cake/Core/App.php(933): call_user_func('ErrorHandler::h...', 1, 'Call to undefin...', '/Applications/M...', 3, Array)
#3 /Applications/MAMP/htdocs/athens2015/lib/Cake/Core/App.php(906): App::_checkFatalError()
#4 [internal function]: App::shutdown()
#5 {main}
2015-11-16 19:35:27 Error: [MissingActionException] Action NodeController::index() could not be found.
Exception Attributes: array (
  'controller' => 'NodeController',
  'action' => 'index',
)
Request URL: /athens2015/index.php/node
Stack Trace:
#0 /Applications/MAMP/htdocs/athens2015/lib/Cake/Routing/Dispatcher.php(193): Controller->invokeAction(Object(CakeRequest))
#1 /Applications/MAMP/htdocs/athens2015/lib/Cake/Routing/Dispatcher.php(167): Dispatcher->_invoke(Object(NodeController), Object(CakeRequest))
#2 /Applications/MAMP/htdocs/athens2015/app/webroot/index.php(111): Dispatcher->dispatch(Object(CakeRequest), Object(CakeResponse))
#3 /Applications/MAMP/htdocs/athens2015/index.php(41): require('/Applications/M...')
#4 {main}
2015-11-16 19:38:03 Error: [MissingViewException] View file "Node/index.ctp" is missing.
Exception Attributes: array (
  'file' => 'Node/index.ctp',
)
Request URL: /athens2015/index.php/node
Stack Trace:
#0 /Applications/MAMP/htdocs/athens2015/lib/Cake/View/View.php(470): View->_getViewFileName(NULL)
#1 /Applications/MAMP/htdocs/athens2015/lib/Cake/Controller/Controller.php(960): View->render(NULL, NULL)
#2 /Applications/MAMP/htdocs/athens2015/lib/Cake/Routing/Dispatcher.php(200): Controller->render()
#3 /Applications/MAMP/htdocs/athens2015/lib/Cake/Routing/Dispatcher.php(167): Dispatcher->_invoke(Object(NodeController), Object(CakeRequest))
#4 /Applications/MAMP/htdocs/athens2015/app/webroot/index.php(111): Dispatcher->dispatch(Object(CakeRequest), Object(CakeResponse))
#5 /Applications/MAMP/htdocs/athens2015/index.php(41): require('/Applications/M...')
#6 {main}
2015-11-16 19:41:47 Error: [MissingViewException] View file "Node/index.ctp" is missing.
Exception Attributes: array (
  'file' => 'Node/index.ctp',
)
Request URL: /athens2015/index.php/node
Stack Trace:
#0 /Applications/MAMP/htdocs/athens2015/lib/Cake/View/View.php(470): View->_getViewFileName(NULL)
#1 /Applications/MAMP/htdocs/athens2015/lib/Cake/Controller/Controller.php(960): View->render(NULL, NULL)
#2 /Applications/MAMP/htdocs/athens2015/lib/Cake/Routing/Dispatcher.php(200): Controller->render()
#3 /Applications/MAMP/htdocs/athens2015/lib/Cake/Routing/Dispatcher.php(167): Dispatcher->_invoke(Object(NodeController), Object(CakeRequest))
#4 /Applications/MAMP/htdocs/athens2015/app/webroot/index.php(111): Dispatcher->dispatch(Object(CakeRequest), Object(CakeResponse))
#5 /Applications/MAMP/htdocs/athens2015/index.php(41): require('/Applications/M...')
#6 {main}
2015-11-16 19:41:47 Error: [MissingViewException] View file "Node/index.ctp" is missing.
Exception Attributes: array (
  'file' => 'Node/index.ctp',
)
Request URL: /athens2015/index.php/node
Stack Trace:
#0 /Applications/MAMP/htdocs/athens2015/lib/Cake/View/View.php(470): View->_getViewFileName(NULL)
#1 /Applications/MAMP/htdocs/athens2015/lib/Cake/Controller/Controller.php(960): View->render(NULL, NULL)
#2 /Applications/MAMP/htdocs/athens2015/lib/Cake/Routing/Dispatcher.php(200): Controller->render()
#3 /Applications/MAMP/htdocs/athens2015/lib/Cake/Routing/Dispatcher.php(167): Dispatcher->_invoke(Object(NodeController), Object(CakeRequest))
#4 /Applications/MAMP/htdocs/athens2015/app/webroot/index.php(111): Dispatcher->dispatch(Object(CakeRequest), Object(CakeResponse))
#5 /Applications/MAMP/htdocs/athens2015/index.php(41): require('/Applications/M...')
#6 {main}
